<?xml version="1.0" encoding="UTF-8"?>
<!-- Generated by org.testng.reporters.JUnitReportReporter -->
<testsuite hostname="BR0C02FQB0FMD6M" failures="0" tests="1" name="runners.RunCucumber" time="0.089" errors="0" timestamp="2022-03-16T17:27:26 BRT" skipped="0">
  <testcase classname="runners.RunCucumber" name="runScenario" time="0.089"/>
  <system-out/>
</testsuite> <!-- runners.RunCucumber -->
